<?xml version="1.0" encoding="UTF-8"?>
<testsuite xmlns:xsi="http://www.w3.org/2001/XMLSchema-instance" xsi:noNamespaceSchemaLocation="https://maven.apache.org/surefire/maven-surefire-plugin/xsd/surefire-test-report-3.0.xsd" version="3.0" name="com.tark.query.builder.sql.TarkQBuilderTest" time="0.355" tests="36" errors="0" skipped="0" failures="0">
  <properties>
[...]
</properties>
  <testcase name="testRawWithBeanParamsReturnsMap" classname="com.tark.query.builder.sql.TarkQBuilderTest" time="0.178">
    <system-err><![CDATA[SLF4J: Failed to load class "org.slf4j.impl.StaticLoggerBinder".
SLF4J: Defaulting to no-operation (NOP) logger implementation
SLF4J: See http://www.slf4j.org/codes.html#StaticLoggerBinder for further details.
]]></system-err>
  </testcase>
  <testcase name="testRawWithBeanParamsSingleField" classname="com.tark.query.builder.sql.TarkQBuilderTest" time="0.016"/>
  <testcase name="testRawExecuteNoBindings" classname="com.tark.query.builder.sql.TarkQBuilderTest" time="0.004"/>
  <testcase name="testLeftJoin" classname="com.tark.query.builder.sql.TarkQBuilderTest" time="0.009"/>
  <testcase name="testJoinRaw" classname="com.tark.query.builder.sql.TarkQBuilderTest" time="0.003"/>
  <testcase name="testWhereNotNull" classname="com.tark.query.builder.sql.TarkQBuilderTest" time="0.003"/>
  <testcase name="testWhereRaw" classname="com.tark.query.builder.sql.TarkQBuilderTest" time="0.002"/>
  <testcase name="testBasicSelect" classname="com.tark.query.builder.sql.TarkQBuilderTest" time="0.008"/>
  <testcase name="testWhereRawExecutesCorrectly" classname="com.tark.query.builder.sql.TarkQBuilderTest" time="0.005"/>
  <testcase name="testFirst" classname="com.tark.query.builder.sql.TarkQBuilderTest" time="0.004"/>
  <testcase name="testSelectRaw" classname="com.tark.query.builder.sql.TarkQBuilderTest" time="0.004"/>
  <testcase name="testSelectRawExecutesCorrectly" classname="com.tark.query.builder.sql.TarkQBuilderTest" time="0.005"/>
  <testcase name="testRawWithModelMultipleBindings" classname="com.tark.query.builder.sql.TarkQBuilderTest" time="0.005"/>
  <testcase name="testJoinRawCombinedWithWhereRaw" classname="com.tark.query.builder.sql.TarkQBuilderTest" time="0.002"/>
  <testcase name="testRawWithBeanParamsAndModelOutput" classname="com.tark.query.builder.sql.TarkQBuilderTest" time="0.003"/>
  <testcase name="testFromRaw" classname="com.tark.query.builder.sql.TarkQBuilderTest" time="0.006"/>
  <testcase name="testRawWithModelEmptyResult" classname="com.tark.query.builder.sql.TarkQBuilderTest" time="0.003"/>
  <testcase name="testWhereRawCombinedWithWhere" classname="com.tark.query.builder.sql.TarkQBuilderTest" time="0.004"/>
  <testcase name="testWhereNull" classname="com.tark.query.builder.sql.TarkQBuilderTest" time="0.004"/>
  <testcase name="testSelectRawMixedWithSelect" classname="com.tark.query.builder.sql.TarkQBuilderTest" time="0.002"/>
  <testcase name="testInvalidOperatorThrows" classname="com.tark.query.builder.sql.TarkQBuilderTest" time="0.004"/>
  <testcase name="testRawWithModelNoBindings" classname="com.tark.query.builder.sql.TarkQBuilderTest" time="0.004"/>
  <testcase name="testJoinRawExecutesCorrectly" classname="com.tark.query.builder.sql.TarkQBuilderTest" time="0.003"/>
  <testcase name="testFromRawExecutesCorrectly" classname="com.tark.query.builder.sql.TarkQBuilderTest" time="0.006"/>
  <testcase name="testSqlServerLimitOnly" classname="com.tark.query.builder.sql.TarkQBuilderTest" time="0.003"/>
  <testcase name="testRawWithModelAndBindings" classname="com.tark.query.builder.sql.TarkQBuilderTest" time="0.003"/>
  <testcase name="testSqlServerWithOrderByAndPagination" classname="com.tark.query.builder.sql.TarkQBuilderTest" time="0.003"/>
  <testcase name="testGroupByWithHaving" classname="com.tark.query.builder.sql.TarkQBuilderTest" time="0.003"/>
  <testcase name="testRawWithBeanParamsEmptyResult" classname="com.tark.query.builder.sql.TarkQBuilderTest" time="0.003"/>
  <testcase name="testWhereIn" classname="com.tark.query.builder.sql.TarkQBuilderTest" time="0.003"/>
  <testcase name="testWhereRawWithBindingsExecutesCorrectly" classname="com.tark.query.builder.sql.TarkQBuilderTest" time="0.003"/>
  <testcase name="testRawExecuteWithBindings" classname="com.tark.query.builder.sql.TarkQBuilderTest" time="0.002"/>
  <testcase name="testSqlServerLimitAndOffset" classname="com.tark.query.builder.sql.TarkQBuilderTest" time="0.002"/>
  <testcase name="testWhereRawWithBindings" classname="com.tark.query.builder.sql.TarkQBuilderTest" time="0.002"/>
  <testcase name="testRawWithModelNullField" classname="com.tark.query.builder.sql.TarkQBuilderTest" time="0.002"/>
  <testcase name="testFirstDoesNotMutateLimit" classname="com.tark.query.builder.sql.TarkQBuilderTest" time="0.004"/>
</testsuite>